<?xml version="1.0" encoding="UTF-8"?>
<robot generator="Robot 3.2.2 (Python 3.8.0 on win32)" generated="20220626 13:19:23.617" rpa="false">
<suite id="s1" name="OrangeRadio" source="C:\Users\SHGX8876\eclipse-workspace\OrangeRadio">
<suite id="s1-s1" name="Test" source="C:\Users\SHGX8876\eclipse-workspace\OrangeRadio\Test">
<suite id="s1-s1-s1" name="Test" source="C:\Users\SHGX8876\eclipse-workspace\OrangeRadio\Test\Test.robot">
<kw name="Open the application" library="Common" type="setup">
<kw name="Open Application" library="AppiumLibrary">
<doc>Opens a new application to given Appium server.
Capabilities of appium server, Android and iOS,
Please check https://github.com/appium/appium/blob/master/docs/en/writing-running-appium/server-args.md
| *Option*            | *Man.* | *Description*     |
| remote_url          | Yes    | Appium server url |
| alias               | no     | alias             |</doc>
<arguments>
<arg>${APPIUM_SERVER}</arg>
<arg>platformName=${platformName}</arg>
<arg>platformVersion=${platformVersion}</arg>
<arg>deviceName=${deviceName}</arg>
<arg>udid=${deviceUdid}</arg>
<arg>appPackage=${appPackage}</arg>
<arg>appActivity=${appActivity}</arg>
<arg>automationName=UiAutomator2</arg>
</arguments>
<status status="PASS" starttime="20220626 13:19:24.579" endtime="20220626 13:19:34.510"></status>
</kw>
<status status="PASS" starttime="20220626 13:19:24.578" endtime="20220626 13:19:34.511"></status>
</kw>
<test id="s1-s1-s1-t1" name="Clear data">
<kw name="Clear orange radio cash" library="ClearData">
<kw name="Run Process" library="Process">
<doc>Runs a process and waits for it to complete.</doc>
<arguments>
<arg>adb</arg>
<arg>shell</arg>
<arg>pm</arg>
<arg>clear</arg>
<arg>${appActivity}</arg>
</arguments>
<assign>
<var>${result}</var>
</assign>
<msg timestamp="20220626 13:19:34.514" level="INFO">Starting process:
adb shell pm clear com.orange.radio.horizon.onboarding.OnBoardingActivity</msg>
<msg timestamp="20220626 13:19:34.571" level="INFO">Waiting for process to complete.</msg>
<msg timestamp="20220626 13:19:35.000" level="INFO">Process completed.</msg>
<msg timestamp="20220626 13:19:35.001" level="INFO">${result} = &lt;result object with rc 1&gt;</msg>
<status status="PASS" starttime="20220626 13:19:34.513" endtime="20220626 13:19:35.001"></status>
</kw>
<kw name="Should Be Equal As Strings" library="BuiltIn">
<doc>Fails if objects are unequal after converting them to strings.</doc>
<arguments>
<arg>${result.rc}</arg>
<arg>1</arg>
</arguments>
<msg timestamp="20220626 13:19:35.002" level="INFO">Argument types are:
&lt;class 'int'&gt;
&lt;type 'unicode'&gt;</msg>
<status status="PASS" starttime="20220626 13:19:35.001" endtime="20220626 13:19:35.002"></status>
</kw>
<status status="PASS" starttime="20220626 13:19:34.512" endtime="20220626 13:19:35.002"></status>
</kw>
<status status="PASS" starttime="20220626 13:19:34.511" endtime="20220626 13:19:35.003" critical="yes"></status>
</test>
<kw name="Close the application" library="Common" type="teardown">
<kw name="Close Application" library="AppiumLibrary">
<doc>Closes the current application and also close webdriver session.</doc>
<status status="PASS" starttime="20220626 13:19:35.005" endtime="20220626 13:19:35.757"></status>
</kw>
<kw name="Clear orange radio cash" library="ClearData">
<kw name="Run Process" library="Process">
<doc>Runs a process and waits for it to complete.</doc>
<arguments>
<arg>adb</arg>
<arg>shell</arg>
<arg>pm</arg>
<arg>clear</arg>
<arg>${appActivity}</arg>
</arguments>
<assign>
<var>${result}</var>
</assign>
<msg timestamp="20220626 13:19:35.759" level="INFO">Starting process:
adb shell pm clear com.orange.radio.horizon.onboarding.OnBoardingActivity</msg>
<msg timestamp="20220626 13:19:35.809" level="INFO">Waiting for process to complete.</msg>
<msg timestamp="20220626 13:19:36.213" level="INFO">Process completed.</msg>
<msg timestamp="20220626 13:19:36.213" level="INFO">${result} = &lt;result object with rc 1&gt;</msg>
<status status="PASS" starttime="20220626 13:19:35.758" endtime="20220626 13:19:36.213"></status>
</kw>
<kw name="Should Be Equal As Strings" library="BuiltIn">
<doc>Fails if objects are unequal after converting them to strings.</doc>
<arguments>
<arg>${result.rc}</arg>
<arg>1</arg>
</arguments>
<msg timestamp="20220626 13:19:36.214" level="INFO">Argument types are:
&lt;class 'int'&gt;
&lt;type 'unicode'&gt;</msg>
<status status="PASS" starttime="20220626 13:19:36.214" endtime="20220626 13:19:36.214"></status>
</kw>
<status status="PASS" starttime="20220626 13:19:35.757" endtime="20220626 13:19:36.215"></status>
</kw>
<status status="PASS" starttime="20220626 13:19:35.004" endtime="20220626 13:19:36.215"></status>
</kw>
<status status="PASS" starttime="20220626 13:19:23.806" endtime="20220626 13:19:36.216"></status>
</suite>
<status status="PASS" starttime="20220626 13:19:23.799" endtime="20220626 13:19:36.218"></status>
</suite>
<status status="PASS" starttime="20220626 13:19:23.741" endtime="20220626 13:19:36.221"></status>
</suite>
<statistics>
<total>
<stat pass="1" fail="0">Critical Tests</stat>
<stat pass="1" fail="0">All Tests</stat>
</total>
<tag>
</tag>
<suite>
<stat pass="1" fail="0" id="s1" name="OrangeRadio">OrangeRadio</stat>
<stat pass="1" fail="0" id="s1-s1" name="Test">OrangeRadio.Test</stat>
<stat pass="1" fail="0" id="s1-s1-s1" name="Test">OrangeRadio.Test.Test</stat>
</suite>
</statistics>
<errors>
</errors>
</robot>
